2025-07-22 19:55:39,482 - INFO - Starting VirusTotal checker
2025-07-22 19:55:39,483 - ERROR - Invalid JSON in log file
2025-07-22 19:55:39,484 - INFO - VT checker completed
2025-07-22 19:57:58,479 - INFO - Starting VirusTotal checker
2025-07-22 19:57:58,480 - ERROR - Invalid JSON in log file
2025-07-22 19:57:58,482 - INFO - VT checker completed
2025-07-22 20:09:28,906 - INFO - Starting VirusTotal checker
2025-07-22 20:09:31,077 - INFO - No entries found in server logs
2025-07-22 20:09:31,078 - INFO - VT checker completed
2025-07-22 20:21:33,765 - INFO - Starting VirusTotal checker
2025-07-22 20:21:35,850 - INFO - No entries found in server logs
2025-07-22 20:21:35,851 - INFO - VT checker completed
2025-07-22 20:31:54,218 - INFO - Starting VirusTotal checker
2025-07-22 20:31:56,649 - INFO - Loaded 2 log entries from server
2025-07-22 20:31:56,653 - INFO - Saved 2 results to logs/vt_results.json
2025-07-22 20:31:56,654 - INFO - Detection summary: 2 malicious files found
2025-07-22 20:31:56,667 - WARNING - - eicar.com (Detections: 66/76)
2025-07-22 20:31:56,668 - WARNING - - eicar.com (Detections: 66/76)
2025-07-22 20:31:56,669 - INFO - VT checker completed
2025-07-22 20:33:19,972 - INFO - Starting VirusTotal checker
2025-07-22 20:33:22,072 - INFO - Loaded 4 log entries from server
2025-07-22 20:33:22,074 - INFO - Checking VT for: cat.jpeg (90def42617fe42db0d55900b7e17d40fcd261044e325957c56af007a4361ae5c)
2025-07-22 20:33:38,523 - INFO - Checking VT for: cat.jpeg (90def42617fe42db0d55900b7e17d40fcd261044e325957c56af007a4361ae5c)
2025-07-22 20:33:54,674 - INFO - Saved 4 results to logs/vt_results.json
2025-07-22 20:33:54,675 - INFO - Detection summary: 2 malicious files found
2025-07-22 20:33:54,685 - WARNING - - eicar.com (Detections: 66/76)
2025-07-22 20:33:54,686 - WARNING - - eicar.com (Detections: 66/76)
2025-07-22 20:33:54,687 - INFO - VT checker completed
